<?xml version="1.0" encoding="UTF-8"?>
<testsuite name="LessonFourHomework" tests="1" skipped="0" failures="0" errors="0" timestamp="2025-08-20T15:04:44.235Z" hostname="FILIPPDESKTOP" time="8.549">
  <properties/>
  <testcase name="githubWikiNavigation()" classname="LessonFourHomework" time="8.549"/>
  <system-out><![CDATA[]]></system-out>
  <system-err><![CDATA[[Test worker] INFO com.codeborne.selenide.WebDriverThreadLocalContainer - No webdriver is bound to current thread: 1 - let's create a new webdriver
авг. 20, 2025 6:04:45 PM org.openqa.selenium.devtools.CdpVersionFinder findNearestMatch
WARNING: Unable to find an exact match for CDP version 139, returning the closest version; found: 138; Please update to a Selenium version that supports CDP version 139
[Test worker] INFO com.codeborne.selenide.webdriver.WebDriverFactory - Selenide 7.9.4 / Selenium 4.34.0 / chrome 139.0.7258.67 windows
[Test worker] INFO com.codeborne.selenide.WebDriverThreadLocalContainer - Browser will stay open due to holdBrowserOpen=true: 1 -> ChromeDriver: chrome on windows (e33acacc2ec76d019bd3f75a7d1181da)
]]></system-err>
</testsuite>
